{"numFailedTestSuites":0,"numFailedTests":0,"numPassedTestSuites":1,"numPassedTests":1,"numPendingTestSuites":0,"numPendingTests":0,"numRuntimeErrorTestSuites":0,"numTotalTestSuites":1,"numTotalTests":1,"openHandles":[],"snapshot":{"added":0,"didUpdate":false,"failure":false,"filesAdded":0,"filesRemoved":0,"filesUnmatched":0,"filesUpdated":0,"matched":0,"total":0,"unchecked":0,"uncheckedKeysByFile":[],"unmatched":0,"updated":0},"startTime":1562322447806,"success":true,"testResults":[{"assertionResults":[{"ancestorTitles":["Observable","handleServiceResult"],"failureMessages":[],"fullName":"Observable handleServiceResult should map non-errored payload to successful action","location":null,"status":"passed","title":"should map non-errored payload to successful action"}],"endTime":1562322449840,"message":"","name":"/home/vinay/Documents/lab49-stats/stats-ui/src/extensions/observable/handleServiceResult.spec.ts","startTime":1562322448261,"status":"passed","summary":""}],"wasInterrupted":false}